Time resolution is 1 ps
==================== Round 0 ====================
shift_out : 63636363636363636363636363636363
sub_out   : 63636363636363636363636363636363
add_out   : 63636363636363636363636363636363
mix_out   : 63636363636363636363636363636363
======================================================
==================== Round 0 ====================
shift_out : 63636363636363636363636363636363
sub_out   : 63636363636363636363636363636363
add_out   : 63636363636363636363636363636363
mix_out   : 63636363636363636363636363636363
======================================================
==================== Round 0 ====================
shift_out : 63636363636363636363636363636363
sub_out   : 63636363636363636363636363636363
add_out   : 63636363636363636363636363636363
mix_out   : 63636363636363636363636363636363
======================================================
==================== Round 0 ====================
shift_out : 63636363636363636363636363636363
sub_out   : 63636363636363636363636363636363
add_out   : 63636363636363636363636363636363
mix_out   : 63636363636363636363636363636363
======================================================
==================== Round 0 ====================
shift_out : 63636363636363636363636363636363
sub_out   : 63636363636363636363636363636363
add_out   : 63636363636363636363636363636363
mix_out   : 63636363636363636363636363636363
======================================================
==================== Round 0 ====================
shift_out : 63636363636363636363636363636363
sub_out   : 63636363636363636363636363636363
add_out   : 63636363636363636363636363636363
mix_out   : 63636363636363636363636363636363
======================================================
==================== Round 0 ====================
shift_out : 63636363636363636363636363636363
sub_out   : 63636363636363636363636363636363
add_out   : 63636363636363636363636363636363
mix_out   : 63636363636363636363636363636363
======================================================
==================== Round 0 ====================
shift_out : 63636363636363636363636363636363
sub_out   : 63636363636363636363636363636363
add_out   : 63636363636363636363636363636363
mix_out   : 63636363636363636363636363636363
======================================================
==================== Round 0 ====================
shift_out : 63636363636363636363636363636363
sub_out   : 63636363636363636363636363636363
add_out   : 63636363636363636363636363636363
mix_out   : 63636363636363636363636363636363
======================================================
==================== Round 0 ====================
shift_out : 63636363636363636363636363636363
sub_out   : 63636363636363636363636363636363
add_out   : 63636363636363636363636363636363
mix_out   : 63636363636363636363636363636363
======================================================
==================== Round 0 ====================
shift_out : 63636363636363636363636363636363
sub_out   : 63636363636363636363636363636363
add_out   : 63636363636363636363636363636363
mix_out   : 63636363636363636363636363636363
======================================================
==================== Round 0 ====================
shift_out : 63636363636363636363636363636363
sub_out   : 63636363636363636363636363636363
add_out   : 63636363636363636363636363636363
mix_out   : 63636363636363636363636363636363
======================================================
==================== Round 0 ====================
shift_out : 63636363636363636363636363636363
sub_out   : 63636363636363636363636363636363
add_out   : 63636363636363636363636363636363
mix_out   : 63636363636363636363636363636363
======================================================
==================== Round 0 ====================
shift_out : 63636363636363636363636363636363
sub_out   : 63636363636363636363636363636363
add_out   : 63636363636363636363636363636363
mix_out   : 63636363636363636363636363636363
======================================================
==================== Round 0 ====================
shift_out : 63636363636363636363636363636363
sub_out   : 63636363636363636363636363636363
add_out   : 63636363636363636363636363636363
mix_out   : 63636363636363636363636363636363
======================================================
==================== Round 0 ====================
shift_out : 63636363636363636363636363636363
sub_out   : 63636363636363636363636363636363
add_out   : 63636363636363636363636363636363
mix_out   : 63636363636363636363636363636363
======================================================
==================== Round 0 ====================
shift_out : 63636363636363636363636363636363
sub_out   : 63636363636363636363636363636363
add_out   : 63636363636363636363636363636363
mix_out   : 63636363636363636363636363636363
======================================================
==================== Round 0 ====================
shift_out : 63636363636363636363636363636363
sub_out   : 63636363636363636363636363636363
add_out   : 63636363636363636363636363636363
mix_out   : 63636363636363636363636363636363
======================================================
==================== Round 0 ====================
shift_out : 63636363636363636363636363636363
sub_out   : 63636363636363636363636363636363
add_out   : 63636363636363636363636363636363
mix_out   : 63636363636363636363636363636363
======================================================
==================== Round 0 ====================
shift_out : 63636363636363636363636363636363
sub_out   : 63636363636363636363636363636363
add_out   : 63636363636363636363636363636363
mix_out   : 63636363636363636363636363636363
======================================================
==================== Round 1 ====================
shift_out : 8233ac16fc63281beec1c3c44b93f5ea
sub_out   : 8293c31bfc33f5c4ee63acea4bc12816
add_out   : 927eab4d173a8101fa8e86db45fb6f17
mix_out   : f01dc82e7559e26298ede5b827980c74
======================================================
==================== Round 2 ====================
shift_out : 4f8044f0f019a8e32d0f627c6ef30cb9
sub_out   : 4ff362e3f0800c7c2d1944b96e0fa8f0
add_out   : 2af0d427623967cdce71fa2b9ec5ae8e
mix_out   : b1684cee9bc29c6755e962e2673e5524
======================================================
==================== Round 3 ====================
shift_out : e5122d19aaa3e4cc8ba648bd0b8c85f1
sub_out   : e58c48ccaa1285bd8ba32df10ba6e419
add_out   : 4338b269f0605adbfb4d363ae6623274
mix_out   : d3af8639990c952109b96109ed6d9eed
======================================================
==================== Round 4 ====================
shift_out : 1ad005928ce323f90faa37b98e07be80
sub_out   : 1a0737f98cd0beb90fe305808eaa2392
add_out   : 263ab7bf60a72c27003e59574e489b00
mix_out   : c83c6dc4e7cd39a675a01be530d9752b
======================================================
==================== Round 5 ====================
shift_out : f75ccb63d0b214086352a9cc2f80715b
sub_out   : f780a908d05c71cc63b2cb5b2f521463
add_out   : c644a8db92df6cd4d8314b661cb732a6
mix_out   : b96a83536a9b52dd55eb37ddeffca036
======================================================
==================== Round 6 ====================
shift_out : b49eb3244fc723b961a9c2489c1b5033
sub_out   : b41bc2b94f9e504861c7b3339ca92324
add_out   : b118702742236bd031c2866f07dde935
mix_out   : 5d793ba256061e5ca83d8f586d697292
======================================================
==================== Round 7 ====================
shift_out : c82644962c251eccc7c15170c5ad7fa8
sub_out   : c8ad51cc2c267f70c72544a8c5c11e96
add_out   : 12abd091d0d818c740725f1e6cb68556
mix_out   : 33dec716e5887accecdd3422aaad75cd
======================================================
==================== Round 8 ====================
shift_out : c961cfb170409781094e70c65062ad72
sub_out   : c96270817061adc60940cf72504e97b1
add_out   : 5a09e6a40d7afc66e1c5fcb688171f44
mix_out   : 54f0e59736d39d5e76c3f6b2d90ae5db
======================================================
==================== Round 9 ====================
shift_out : bedab01bd7a6c049f8f08e33c401b04e
sub_out   : be018e49d7dab033f8a6b04ec4f0c01b
add_out   : 0815ea6747ef884c40c2e9d52225253b
mix_out   : b9c13285cd9231965db95a0b6e436c7a
======================================================

==================== Final Result ====================
Decrypted Plaintext : 843045299eb7dd942ad6d6e6fcd6dc8d
Latency             : 31 cycles
Throughput          : 412 Mbps
======================================================
$finish called at time : 385 ns : File "C:/Users/User/OneDrive/Desktop/EEE6225/encryption/encryption.srcs/sim_1/new/encryption_tb.v" Line 81
