Time resolution is 1 ps
==================== Round 0 ====================
shift_out : 00000000000000000000000000000000
sub_out   : 52525252525252525252525252525252
add_out   : 52525252525252525252525252525252
mix_out   : 52525252525252525252525252525252
======================================================
==================== Round 0 ====================
shift_out : 00000000000000000000000000000000
sub_out   : 52525252525252525252525252525252
add_out   : 52525252525252525252525252525252
mix_out   : 52525252525252525252525252525252
======================================================
==================== Round 0 ====================
shift_out : 00000000000000000000000000000000
sub_out   : 52525252525252525252525252525252
add_out   : 52525252525252525252525252525252
mix_out   : 52525252525252525252525252525252
======================================================
==================== Round 0 ====================
shift_out : 00000000000000000000000000000000
sub_out   : 52525252525252525252525252525252
add_out   : 52525252525252525252525252525252
mix_out   : 52525252525252525252525252525252
======================================================
==================== Round 0 ====================
shift_out : 00000000000000000000000000000000
sub_out   : 52525252525252525252525252525252
add_out   : 52525252525252525252525252525252
mix_out   : 52525252525252525252525252525252
======================================================
==================== Round 0 ====================
shift_out : 00000000000000000000000000000000
sub_out   : 52525252525252525252525252525252
add_out   : 52525252525252525252525252525252
mix_out   : 52525252525252525252525252525252
======================================================
==================== Round 0 ====================
shift_out : 00000000000000000000000000000000
sub_out   : 52525252525252525252525252525252
add_out   : 52525252525252525252525252525252
mix_out   : 52525252525252525252525252525252
======================================================
==================== Round 0 ====================
shift_out : 00000000000000000000000000000000
sub_out   : 52525252525252525252525252525252
add_out   : 52525252525252525252525252525252
mix_out   : 52525252525252525252525252525252
======================================================
==================== Round 0 ====================
shift_out : 00000000000000000000000000000000
sub_out   : 52525252525252525252525252525252
add_out   : 52525252525252525252525252525252
mix_out   : 52525252525252525252525252525252
======================================================
==================== Round 0 ====================
shift_out : 00000000000000000000000000000000
sub_out   : 52525252525252525252525252525252
add_out   : 52525252525252525252525252525252
mix_out   : 52525252525252525252525252525252
======================================================
==================== Round 0 ====================
shift_out : 00000000000000000000000000000000
sub_out   : 52525252525252525252525252525252
add_out   : 52525252525252525252525252525252
mix_out   : 52525252525252525252525252525252
======================================================
==================== Round 0 ====================
shift_out : 00000000000000000000000000000000
sub_out   : 52525252525252525252525252525252
add_out   : 52525252525252525252525252525252
mix_out   : 52525252525252525252525252525252
======================================================
==================== Round 0 ====================
shift_out : 00000000000000000000000000000000
sub_out   : 52525252525252525252525252525252
add_out   : 52525252525252525252525252525252
mix_out   : 52525252525252525252525252525252
======================================================
==================== Round 0 ====================
shift_out : 00000000000000000000000000000000
sub_out   : 52525252525252525252525252525252
add_out   : 52525252525252525252525252525252
mix_out   : 52525252525252525252525252525252
======================================================
==================== Round 0 ====================
shift_out : 00000000000000000000000000000000
sub_out   : 52525252525252525252525252525252
add_out   : 52525252525252525252525252525252
mix_out   : 52525252525252525252525252525252
======================================================
==================== Round 0 ====================
shift_out : 00000000000000000000000000000000
sub_out   : 52525252525252525252525252525252
add_out   : 52525252525252525252525252525252
mix_out   : 52525252525252525252525252525252
======================================================
==================== Round 0 ====================
shift_out : 00000000000000000000000000000000
sub_out   : 52525252525252525252525252525252
add_out   : 52525252525252525252525252525252
mix_out   : 52525252525252525252525252525252
======================================================
==================== Round 0 ====================
shift_out : 00000000000000000000000000000000
sub_out   : 52525252525252525252525252525252
add_out   : 52525252525252525252525252525252
mix_out   : 52525252525252525252525252525252
======================================================
==================== Round 0 ====================
shift_out : 00000000000000000000000000000000
sub_out   : 52525252525252525252525252525252
add_out   : 52525252525252525252525252525252
mix_out   : 52525252525252525252525252525252
======================================================
==================== Round 0 ====================
shift_out : 00000000000000000000000000000000
sub_out   : 52525252525252525252525252525252
add_out   : 52525252525252525252525252525252
mix_out   : 52525252525252525252525252525252
======================================================
==================== Round 9 ====================
shift_out : a552fb996bcdf674baf46871a3e9958f
sub_out   : 294863f90580d6cac0baf72c71ebad73
add_out   : 989cbb1b8ffd6f10ddc144f23d8de432
mix_out   : ef0b9fdfa33e59c93a91eced74ee619d
======================================================
==================== Round 8 ====================
shift_out : efeeecc9a30b61ed3a3e9f9d749159df
sub_out   : 61998312719ed853a2d16e75caac15ef
add_out   : 6f6080214a37b96b35d764719bb1ef70
mix_out   : 490de10bf1fb47e2bb0a1f596e4e6bfe
======================================================
==================== Round 7 ====================
shift_out : 494e1fe2f10d6b59bbfbe1fe6e0a470b
sub_out   : a4b6cb3b2bf30515fe63e00c45a3169e
add_out   : 85c3dcbc1ea3671e52cc8b3083b8e605
mix_out   : 7b176e243e4cd4622a89b93f3884f692
======================================================
==================== Round 6 ====================
shift_out : 7b84b9623e17f63f2a4c6e923889d424
sub_out   : 034fdbabd187d625955d457476f219a6
add_out   : ef2e902ec5a2a3a90ca24c431c468201
mix_out   : 3be3ba1da0a41c758e1297aaad999a77
======================================================
==================== Round 5 ====================
shift_out : 3b999775a0e39aaa8ea4ba77ad121c1d
sub_out   : 49f9853f474d3762e61dc0021839c4de
add_out   : 36d7aeb7bf09096b6bc7bcb9eb72564e
mix_out   : c0c7b34c08b40d65cf445173e52f410a
======================================================
==================== Round 4 ====================
shift_out : c02f516508c74173cfb4b30ae5440d4c
sub_out   : 1f4e70bcbf31f88f5fc64ba32a86f35d
add_out   : f148aac7385bed0e2a58091154171d76
mix_out   : c1b3298f6b8fa5c155d2a24f9eef87de
======================================================
==================== Round 3 ====================
shift_out : c1efa2c16bb3874f558f29de9ed2a58f
sub_out   : dd611add054bea92ed734c9cdf7f2973
add_out   : 4df62e8d6c2725681f871bafd47085ea
mix_out   : 6f723c39f332b67173532f231116cd01
======================================================
==================== Round 2 ====================
shift_out : 6f162f71f372cd2373323c011153b639
sub_out   : 06ff4e2c7e1e80328fa16d09e350795b
add_out   : 9d67d6e587e57b981439f5c01aab82f1
mix_out   : 9efb5cf07bc89eac3fabee62bd02bac7
======================================================
==================== Round 1 ====================
shift_out : 9e02eeac7bfbba623fc85cc7bdab9ef0
sub_out   : df6a99aa0363c0ab25b1a731cd0edf17
add_out   : bd09fac96100a3c847d2c452af6dbc74
mix_out   : 1a0a48dfdc0a0ad657d3d25526ea21e7
======================================================
==================== Round 0 ====================
shift_out : 1aead2d6dc0a2155570a48e726d30adf
sub_out   : 43bb7f4a93a37beddaa3d4b023a9a3ef
add_out   : 43bb7f4a93a37beddaa3d4b023a9a3ef
mix_out   : a73e1a4e9fca20d3e5f4d1ddb612a1c3
======================================================
==================== Round 0 ====================
shift_out : 1aead2d6dc0a2155570a48e726d30adf
sub_out   : 43bb7f4a93a37beddaa3d4b023a9a3ef
add_out   : 43bb7f4a93a37beddaa3d4b023a9a3ef
mix_out   : a73e1a4e9fca20d3e5f4d1ddb612a1c3
======================================================

==================== Final Result ====================
Decrypted Plaintext : 43bb7f4a93a37beddaa3d4b023a9a3ef
Latency             : 31 cycles
Throughput          : 412 Mbps
======================================================
$finish called at time : 385 ns : File "C:/Users/User/OneDrive/Desktop/EEE6225/decryption/decryption.srcs/sim_1/new/decryption_top_tb.v" Line 81
